modules/data-collection/android/build/intermediates/manifest_merge_blame_file/debug/processDebugManifest/manifest-merger-blame-debug-report.txt
1<?xml version="1.0" encoding="utf-8"?>
2<manifest xmlns:android="http://schemas.android.com/apk/res/android"
3    xmlns:tools="http://schemas.android.com/tools"
4    package="expo.modules.datacollection" >
5
6    <uses-sdk android:minSdkVersion="24" /> <!-- Basic permissions for device behavior -->
7    <uses-permission android:name="android.permission.INTERNET" />
7-->src\main\AndroidManifest.xml:3:3-65
7-->src\main\AndroidManifest.xml:3:20-62
8    <uses-permission android:name="android.permission.SYSTEM_ALERT_WINDOW" />
8-->src\main\AndroidManifest.xml:4:3-76
8-->src\main\AndroidManifest.xml:4:20-73
9    <uses-permission
9-->src\main\AndroidManifest.xml:5:3-112
10        android:name="android.permission.PACKAGE_USAGE_STATS"
10-->src\main\AndroidManifest.xml:5:20-73
11        tools:ignore="ProtectedPermissions" />
11-->src\main\AndroidManifest.xml:5:74-109
12    <uses-permission android:name="android.permission.REQUEST_INSTALL_PACKAGES" />
12-->src\main\AndroidManifest.xml:6:3-81
12-->src\main\AndroidManifest.xml:6:20-78
13
14    <uses-feature
14-->src\main\AndroidManifest.xml:9:3-89
15        android:name="android.hardware.location.gps"
15-->src\main\AndroidManifest.xml:9:17-61
16        android:required="false" />
16-->src\main\AndroidManifest.xml:9:62-86
17
18</manifest>